<?xml version="1.0" encoding="UTF-8"?>

<testsuite name="com.enzuguri.synapse.tests.ConstructorTests" tests="2" failures="1" errors="0" skipped="0" time="0.0">
  <testcase classname="com.enzuguri.synapse.tests::ConstructorTests" name="testConstructorWithNullInjection" time="0.000" status="failure">
    <failure message="Assert that we returned a process - object was null: null" type="com.enzuguri.synapse.tests::ConstructorTests.testConstructorWithNullInjection">
      <stackTraceInfo>Assert that we returned a process - object was null: null at flexunit.framework::Assert$/failWithUserMessage()[/Users/xasegura/Developer/personalProjects/flexUnit/FlexUnit/src/flexunit/framework/Assert.as:591] at flexunit.framework::Assert$/failNull()[/Users/xasegura/Developer/personalProjects/flexUnit/FlexUnit/src/flexunit/framework/Assert.as:533] at flexunit.framework::Assert$/assertNotNull()[/Users/xasegura/Developer/personalProjects/flexUnit/FlexUnit/src/flexunit/framework/Assert.as:311] at com.enzuguri.synapse.tests::ConstructorTests/testConstructorWithNullInjection()[C:\Users\a.fell\synapse-framework\test\com\enzuguri\synapse\tests\ConstructorTests.as:47] at Function/http://adobe.com/AS3/2006/builtin::apply() at flex.lang.reflect::Method/apply()[/Users/blegros/Documents/Flex Builder 3/FlexUnit4/src/flex/lang/reflect/Method.as:124] at ReflectiveCallable/run()[/Users/blegros/Documents/Flex Builder 3/FlexUnit4/src/org/flexunit/runners/model/FrameworkMethod.as:214] at org.flexunit.runners.model::FrameworkMethod/applyExplosivelyAsync()[/Users/blegros/Documents/Flex Builder 3/FlexUnit4/src/org/flexunit/runners/model/FrameworkMethod.as:121] at org.flexunit.runners.model::FrameworkMethod/invokeExplosivelyAsync()[/Users/blegros/Documents/Flex Builder 3/FlexUnit4/src/org/flexunit/runners/model/FrameworkMethod.as:132] at org.flexunit.internals.runners.statements::InvokeMethod/evaluate()[/Users/blegros/Documents/Flex Builder 3/FlexUnit4/src/org/flexunit/internals/runners/statements/InvokeMethod.as:52] at org.flexunit.internals.runners.statements::StackAndFrameManagement/evaluate()[/Users/blegros/Documents/Flex Builder 3/FlexUnit4/src/org/flexunit/internals/runners/statements/StackAndFrameManagement.as:94] at org.flexunit.internals.runners.statements::StatementSequencer/executeStep()[/Users/blegros/Documents/Flex Builder 3/FlexUnit4/src/org/flexunit/internals/runners/statements/StatementSequencer.as:62] at org.flexunit.internals.runners.statements::StatementSequencer/handleChildExecuteComplete()[/Users/blegros/Documents/Flex Builder 3/FlexUnit4/src/org/flexunit/internals/runners/statements/StatementSequencer.as:82] at org.flexunit.token::AsyncTestToken/sendResult()[C:\Users\mlabriola\Documents\workspaces\net\digitalprimates\opensource\branches\4.x\FlexUnit4\src\org\flexunit\token\AsyncTestToken.as:70] at org.flexunit.internals.runners.statements::AsyncStatementBase/sendComplete()[/Users/blegros/Documents/Flex Builder 3/FlexUnit4/src/org/flexunit/internals/runners/statements/AsyncStatementBase.as:44] at org.flexunit.internals.runners.statements::StatementSequencer/sendComplete()[/Users/blegros/Documents/Flex Builder 3/FlexUnit4/src/org/flexunit/internals/runners/statements/StatementSequencer.as:103] at org.flexunit.internals.runners.statements::StatementSequencer/handleChildExecuteComplete()[/Users/blegros/Documents/Flex Builder 3/FlexUnit4/src/org/flexunit/internals/runners/statements/StatementSequencer.as:86] at org.flexunit.token::AsyncTestToken/sendResult()[C:\Users\mlabriola\Documents\workspaces\net\digitalprimates\opensource\branches\4.x\FlexUnit4\src\org\flexunit\token\AsyncTestToken.as:70] at org.flexunit.internals.runners.statements::InvokeMethod/handleMethodExecuteComplete()[/Users/blegros/Documents/Flex Builder 3/FlexUnit4/src/org/flexunit/internals/runners/statements/InvokeMethod.as:59] at org.flexunit.token::AsyncTestToken/sendResult()[C:\Users\mlabriola\Documents\workspaces\net\digitalprimates\opensource\branches\4.x\FlexUnit4\src\org\flexunit\token\AsyncTestToken.as:70] at org.flexunit.runners.model::FrameworkMethod/applyExplosivelyAsync()[/Users/blegros/Documents/Flex Builder 3/FlexUnit4/src/org/flexunit/runners/model/FrameworkMethod.as:123] at org.flexunit.runners.model::FrameworkMethod/invokeExplosivelyAsync()[/Users/blegros/Documents/Flex Builder 3/FlexUnit4/src/org/flexunit/runners/model/FrameworkMethod.as:132] at org.flexunit.internals.runners.statements::InvokeMethod/evaluate()[/Users/blegros/Documents/Flex Builder 3/FlexUnit4/src/org/flexunit/internals/runners/statements/InvokeMethod.as:52] at org.flexunit.internals.runners.statements::SequencerWithDecoration/executeStep()[/Users/blegros/Documents/Flex Builder 3/FlexUnit4/src/org/flexunit/internals/runners/statements/SequencerWithDecoration.as:59] at org.flexunit.internals.runners.statements::StatementSequencer/handleChildExecuteComplete()[/Users/blegros/Documents/Flex Builder 3/FlexUnit4/src/org/flexunit/internals/runners/statements/StatementSequencer.as:82] at org.flexunit.internals.runners.statements::StatementSequencer/evaluate()[/Users/blegros/Documents/Flex Builder 3/FlexUnit4/src/org/flexunit/internals/runners/statements/StatementSequencer.as:68] at org.flexunit.internals.runners.statements::StatementSequencer/executeStep()[/Users/blegros/Documents/Flex Builder 3/FlexUnit4/src/org/flexunit/internals/runners/statements/StatementSequencer.as:62] at org.flexunit.internals.runners.statements::StatementSequencer/handleChildExecuteComplete()[/Users/blegros/Documents/Flex Builder 3/FlexUnit4/src/org/flexunit/internals/runners/statements/StatementSequencer.as:82] at org.flexunit.internals.runners.statements::StatementSequencer/evaluate()[/Users/blegros/Documents/Flex Builder 3/FlexUnit4/src/org/flexunit/internals/runners/statements/StatementSequencer.as:68] at org.flexunit.runners::BlockFlexUnit4ClassRunner/runChild()[/Users/blegros/Documents/Flex Builder 3/FlexUnit4/src/org/flexunit/runners/BlockFlexUnit4ClassRunner.as:104] at org.flexunit.internals.runners::ChildRunnerSequencer/executeStep()[/Users/blegros/Documents/Flex Builder 3/FlexUnit4/src/org/flexunit/internals/runners/ChildRunnerSequencer.as:49] at org.flexunit.internals.runners.statements::StatementSequencer/handleChildExecuteComplete()[/Users/blegros/Documents/Flex Builder 3/FlexUnit4/src/org/flexunit/internals/runners/statements/StatementSequencer.as:82] at org.flexunit.internals.runners.statements::StatementSequencer/evaluate()[/Users/blegros/Documents/Flex Builder 3/FlexUnit4/src/org/flexunit/internals/runners/statements/StatementSequencer.as:68] at org.flexunit.internals.runners.statements::StatementSequencer/executeStep()[/Users/blegros/Documents/Flex Builder 3/FlexUnit4/src/org/flexunit/internals/runners/statements/StatementSequencer.as:62] at org.flexunit.internals.runners.statements::StatementSequencer/handleChildExecuteComplete()[/Users/blegros/Documents/Flex Builder 3/FlexUnit4/src/org/flexunit/internals/runners/statements/StatementSequencer.as:82] at org.flexunit.token::AsyncTestToken/sendResult()[C:\Users\mlabriola\Documents\workspaces\net\digitalprimates\opensource\branches\4.x\FlexUnit4\src\org\flexunit\token\AsyncTestToken.as:70] at org.flexunit.internals.runners.statements::AsyncStatementBase/sendComplete()[/Users/blegros/Documents/Flex Builder 3/FlexUnit4/src/org/flexunit/internals/runners/statements/AsyncStatementBase.as:44] at org.flexunit.internals.runners.statements::StatementSequencer/sendComplete()[/Users/blegros/Documents/Flex Builder 3/FlexUnit4/src/org/flexunit/internals/runners/statements/StatementSequencer.as:103] at org.flexunit.internals.runners.statements::StatementSequencer/handleChildExecuteComplete()[/Users/blegros/Documents/Flex Builder 3/FlexUnit4/src/org/flexunit/internals/runners/statements/StatementSequencer.as:86] at org.flexunit.internals.runners.statements::StatementSequencer/evaluate()[/Users/blegros/Documents/Flex Builder 3/FlexUnit4/src/org/flexunit/internals/runners/statements/StatementSequencer.as:68] at org.flexunit.internals.runners.statements::StatementSequencer/executeStep()[/Users/blegros/Documents/Flex Builder 3/FlexUnit4/src/org/flexunit/internals/runners/statements/StatementSequencer.as:62] at org.flexunit.internals.runners.statements::StatementSequencer/handleChildExecuteComplete()[/Users/blegros/Documents/Flex Builder 3/FlexUnit4/src/org/flexunit/internals/runners/statements/StatementSequencer.as:82] at org.flexunit.internals.runners.statements::StatementSequencer/evaluate()[/Users/blegros/Documents/Flex Builder 3/FlexUnit4/src/org/flexunit/internals/runners/statements/StatementSequencer.as:68] at org.flexunit.runners::ParentRunner/run()[/Users/blegros/Documents/Flex Builder 3/FlexUnit4/src/org/flexunit/runners/ParentRunner.as:315] at org.flexunit.runners::Suite/runChild()[/Users/blegros/Documents/Flex Builder 3/FlexUnit4/src/org/flexunit/runners/Suite.as:59] at org.flexunit.internals.runners::ChildRunnerSequencer/executeStep()[/Users/blegros/Documents/Flex Builder 3/FlexUnit4/src/org/flexunit/internals/runners/ChildRunnerSequencer.as:49] at org.flexunit.internals.runners.statements::StatementSequencer/handleChildExecuteComplete()[/Users/blegros/Documents/Flex Builder 3/FlexUnit4/src/org/flexunit/internals/runners/statements/StatementSequencer.as:82] at org.flexunit.token::AsyncTestToken/sendResult()[C:\Users\mlabriola\Documents\workspaces\net\digitalprimates\opensource\branches\4.x\FlexUnit4\src\org\flexunit\token\AsyncTestToken.as:70] at org.flexunit.runners::ParentRunner/handleRunnerComplete()[/Users/blegros/Documents/Flex Builder 3/FlexUnit4/src/org/flexunit/runners/ParentRunner.as:345] at org.flexunit.token::AsyncTestToken/sendResult()[C:\Users\mlabriola\Documents\workspaces\net\digitalprimates\opensource\branches\4.x\FlexUnit4\src\org\flexunit\token\AsyncTestToken.as:70] at org.flexunit.internals.runners.statements::AsyncStatementBase/sendComplete()[/Users/blegros/Documents/Flex Builder 3/FlexUnit4/src/org/flexunit/internals/runners/statements/AsyncStatementBase.as:44] at org.flexunit.internals.runners.statements::StatementSequencer/sendComplete()[/Users/blegros/Documents/Flex Builder 3/FlexUnit4/src/org/flexunit/internals/runners/statements/StatementSequencer.as:103] at org.flexunit.internals.runners.statements::StatementSequencer/handleChildExecuteComplete()[/Users/blegros/Documents/Flex Builder 3/FlexUnit4/src/org/flexunit/internals/runners/statements/StatementSequencer.as:86] at org.flexunit.token::AsyncTestToken/sendResult()[C:\Users\mlabriola\Documents\workspaces\net\digitalprimates\opensource\branches\4.x\FlexUnit4\src\org\flexunit\token\AsyncTestToken.as:70] at org.flexunit.internals.runners.statements::AsyncStatementBase/sendComplete()[/Users/blegros/Documents/Flex Builder 3/FlexUnit4/src/org/flexunit/internals/runners/statements/AsyncStatementBase.as:44] at org.flexunit.internals.runners.statements::StatementSequencer/sendComplete()[/Users/blegros/Documents/Flex Builder 3/FlexUnit4/src/org/flexunit/internals/runners/statements/StatementSequencer.as:103] at org.flexunit.internals.runners.statements::StatementSequencer/handleChildExecuteComplete()[/Users/blegros/Documents/Flex Builder 3/FlexUnit4/src/org/flexunit/internals/runners/statements/StatementSequencer.as:86] at org.flexunit.internals.runners.statements::StatementSequencer/evaluate()[/Users/blegros/Documents/Flex Builder 3/FlexUnit4/src/org/flexunit/internals/runners/statements/StatementSequencer.as:68] at org.flexunit.internals.runners.statements::StatementSequencer/executeStep()[/Users/blegros/Documents/Flex Builder 3/FlexUnit4/src/org/flexunit/internals/runners/statements/StatementSequencer.as:62] at org.flexunit.internals.runners.statements::StatementSequencer/handleChildExecuteComplete()[/Users/blegros/Documents/Flex Builder 3/FlexUnit4/src/org/flexunit/internals/runners/statements/StatementSequencer.as:82] at org.flexunit.token::AsyncTestToken/sendResult()[C:\Users\mlabriola\Documents\workspaces\net\digitalprimates\opensource\branches\4.x\FlexUnit4\src\org\flexunit\token\AsyncTestToken.as:70] at org.flexunit.internals.runners.statements::AsyncStatementBase/sendComplete()[/Users/blegros/Documents/Flex Builder 3/FlexUnit4/src/org/flexunit/internals/runners/statements/AsyncStatementBase.as:44] at org.flexunit.internals.runners.statements::StatementSequencer/sendComplete()[/Users/blegros/Documents/Flex Builder 3/FlexUnit4/src/org/flexunit/internals/runners/statements/StatementSequencer.as:103] at org.flexunit.internals.runners.statements::StatementSequencer/handleChildExecuteComplete()[/Users/blegros/Documents/Flex Builder 3/FlexUnit4/src/org/flexunit/internals/runners/statements/StatementSequencer.as:86]</stackTraceInfo>
    </failure>
  </testcase>
  <testcase classname="com.enzuguri.synapse.tests::ConstructorTests" name="testConstructorWithNoParams" time="0.000" status="success"/>
</testsuite>
